<?xml version="1.0" encoding="UTF-8"?>
<!-- Generated by org.testng.reporters.JUnitReportReporter -->
<testsuite hostname="DESKTOP-U1VNJ3I" failures="0" tests="1" name="com.ab.testLayer.SignUpFuctionalityTest" time="68.104" errors="0" timestamp="2023-05-04T11:53:50 IST" skipped="0">
  <testcase classname="com.ab.testLayer.SignUpFuctionalityTest" name="signUpWithoutIncorrectEmailFormat" time="68.104"/>
  <system-out/>
</testsuite> <!-- com.ab.testLayer.SignUpFuctionalityTest -->
