<?xml version="1.0" encoding="UTF-8"?>
<!-- Generated by org.testng.reporters.JUnitReportReporter -->
<testsuite hostname="DESKTOP-U1VNJ3I" failures="0" tests="1" name="com.ab.testLayer.LoginFuntionalityTest" time="105.216" errors="0" timestamp="2023-05-04T12:26:11 IST" skipped="0">
  <testcase classname="com.ab.testLayer.LoginFuntionalityTest" name="loginWithInvalidCredentials" time="105.216"/>
  <system-out/>
</testsuite> <!-- com.ab.testLayer.LoginFuntionalityTest -->
