<?xml version="1.0" encoding="UTF-8"?>
<!-- Generated by org.testng.reporters.JUnitReportReporter -->
<testsuite hostname="DESKTOP-U1VNJ3I" failures="0" tests="5" name="com.ab.utilities.ReadExceldata" time="0.039" errors="0" timestamp="2023-03-24T17:18:33 IST" skipped="0">
  <testcase classname="com.ab.utilities.ReadExceldata" name="getData" time="0.005"/>
  <system-out/>
  <testcase classname="com.ab.utilities.ReadExceldata" name="getDataFromJson" time="0.005"/>
  <system-out/>
  <testcase classname="com.ab.utilities.ReadExceldata" name="getData" time="0.007"/>
  <system-out/>
  <testcase classname="com.ab.utilities.ReadExceldata" name="getDataFromJson" time="0.002"/>
  <system-out/>
  <testcase classname="com.ab.utilities.ReadExceldata" name="getData" time="0.020"/>
  <system-out/>
</testsuite> <!-- com.ab.utilities.ReadExceldata -->
