<?xml version="1.0" encoding="UTF-8"?>
<!-- Generated by org.testng.reporters.JUnitReportReporter -->
<testsuite hostname="DESKTOP-U1VNJ3I" failures="0" tests="1" name="general.ZeodhaTest" time="40.708" errors="0" timestamp="2023-03-27T17:26:25 IST" skipped="0">
  <testcase classname="general.ZeodhaTest" name="test3" time="40.708"/>
  <system-out/>
</testsuite> <!-- general.ZeodhaTest -->
