<?xml version="1.0" encoding="UTF-8"?>
<!-- Generated by org.testng.reporters.JUnitReportReporter -->
<testsuite hostname="DESKTOP-U1VNJ3I" failures="0" tests="1" name="com.ab.testLayer.CheckOutFuntionalityTest" time="17.292" errors="0" timestamp="2023-04-17T09:55:17 IST" skipped="0">
  <testcase classname="com.ab.testLayer.CheckOutFuntionalityTest" name="checkOutTest" time="17.292"/>
  <system-out/>
</testsuite> <!-- com.ab.testLayer.CheckOutFuntionalityTest -->
