<?xml version="1.0" encoding="UTF-8"?>
<!-- Generated by org.testng.reporters.JUnitReportReporter -->
<testsuite hostname="DESKTOP-U1VNJ3I" failures="0" tests="1" name="com.ab.utilities.ExcelAndHashMap" time="1.490" errors="0" timestamp="2023-04-05T19:00:59 IST" skipped="0">
  <testcase classname="com.ab.utilities.ExcelAndHashMap" name="ExcelReadData" time="1.490"/>
  <system-out/>
</testsuite> <!-- com.ab.utilities.ExcelAndHashMap -->
