<?xml version="1.0" encoding="UTF-8"?>
<!-- Generated by org.testng.reporters.JUnitReportReporter -->
<testsuite hostname="DESKTOP-U1VNJ3I" failures="0" tests="1" name="com.ab.StandardProject.ZeodhaTest" time="23.999" errors="0" timestamp="2023-03-23T09:27:50 IST" skipped="0">
  <testcase classname="com.ab.StandardProject.ZeodhaTest" name="test" time="23.999"/>
  <system-out/>
</testsuite> <!-- com.ab.StandardProject.ZeodhaTest -->
