<?xml version="1.0" encoding="UTF-8"?>
<!-- Generated by org.testng.reporters.JUnitReportReporter -->
<testsuite hostname="DESKTOP-U1VNJ3I" failures="0" tests="1" name="com.ab.bastTest.BaseTestZ" time="0.035" errors="0" timestamp="2023-03-23T10:51:16 IST" skipped="0">
  <testcase classname="com.ab.bastTest.BaseTestZ" name="intialiseBrowser" time="0.035"/>
  <system-out/>
</testsuite> <!-- com.ab.bastTest.BaseTestZ -->
