<?xml version="1.0" encoding="UTF-8"?>
<!-- Generated by org.testng.reporters.JUnitReportReporter -->
<testsuite hostname="DESKTOP-U1VNJ3I" failures="0" tests="1" name="com.ab.testLayer.AddToCartFunctionalityTest" time="78.793" errors="0" timestamp="2023-05-04T16:22:07 IST" skipped="0">
  <testcase classname="com.ab.testLayer.AddToCartFunctionalityTest" name="loginWithValidCredentials" time="78.793"/>
  <system-out/>
</testsuite> <!-- com.ab.testLayer.AddToCartFunctionalityTest -->
